d:\ゲーム制作演習ⅱ\project\gameprogramming\debug\vc120.pdb
d:\ゲーム制作演習ⅱ\project\gameprogramming\debug\vc120.idb
d:\ゲーム制作演習ⅱ\project\gameprogramming\debug\ccollisionmanager.obj
d:\ゲーム制作演習ⅱ\project\gameprogramming\debug\ceffect.obj
d:\ゲーム制作演習ⅱ\project\gameprogramming\debug\cenemy.obj
d:\ゲーム制作演習ⅱ\project\gameprogramming\debug\cenemy2.obj
d:\ゲーム制作演習ⅱ\project\gameprogramming\debug\ckey.obj
d:\ゲーム制作演習ⅱ\project\gameprogramming\debug\cmaterial.obj
d:\ゲーム制作演習ⅱ\project\gameprogramming\debug\cmatrix.obj
d:\ゲーム制作演習ⅱ\project\gameprogramming\debug\cmodel.obj
d:\ゲーム制作演習ⅱ\project\gameprogramming\debug\cplayer.obj
d:\ゲーム制作演習ⅱ\project\gameprogramming\debug\cscenegame.obj
d:\ゲーム制作演習ⅱ\project\gameprogramming\debug\cscenemanager.obj
d:\ゲーム制作演習ⅱ\project\gameprogramming\debug\csound.obj
d:\ゲーム制作演習ⅱ\project\gameprogramming\debug\ctaskmanager.obj
d:\ゲーム制作演習ⅱ\project\gameprogramming\debug\ctext.obj
d:\ゲーム制作演習ⅱ\project\gameprogramming\debug\ctexture.obj
d:\ゲーム制作演習ⅱ\project\gameprogramming\debug\ctransform.obj
d:\ゲーム制作演習ⅱ\project\gameprogramming\debug\ctriangle.obj
d:\ゲーム制作演習ⅱ\project\gameprogramming\debug\cutil.obj
d:\ゲーム制作演習ⅱ\project\gameprogramming\debug\cvector.obj
d:\ゲーム制作演習ⅱ\project\gameprogramming\debug\main.obj
d:\ゲーム制作演習ⅱ\project\gameprogramming\debug\cbillboard.obj
d:\ゲーム制作演習ⅱ\project\gameprogramming\debug\cbullet.obj
d:\ゲーム制作演習ⅱ\project\gameprogramming\debug\ccamera.obj
d:\ゲーム制作演習ⅱ\project\gameprogramming\debug\ccharacter.obj
d:\ゲーム制作演習ⅱ\project\gameprogramming\debug\ccollider.obj
d:\ゲーム制作演習ⅱ\project\gameprogramming\debug\ccolliderline.obj
d:\ゲーム制作演習ⅱ\project\gameprogramming\debug\ccollidermesh.obj
d:\ゲーム制作演習ⅱ\project\gameprogramming\debug\ccollidertriangle.obj
d:\ゲーム制作演習ⅱ\project\debug\gameprogramming.ilk
d:\ゲーム制作演習ⅱ\project\debug\gameprogramming.exe
d:\ゲーム制作演習ⅱ\project\debug\gameprogramming.pdb
d:\ゲーム制作演習ⅱ\project\gameprogramming\debug\gameprogramming.tlog\cl.command.1.tlog
d:\ゲーム制作演習ⅱ\project\gameprogramming\debug\gameprogramming.tlog\cl.read.1.tlog
d:\ゲーム制作演習ⅱ\project\gameprogramming\debug\gameprogramming.tlog\cl.write.1.tlog
d:\ゲーム制作演習ⅱ\project\gameprogramming\debug\gameprogramming.tlog\link.command.1.tlog
d:\ゲーム制作演習ⅱ\project\gameprogramming\debug\gameprogramming.tlog\link.read.1.tlog
d:\ゲーム制作演習ⅱ\project\gameprogramming\debug\gameprogramming.tlog\link.write.1.tlog
